Compute device selected: CUDA
Accelerated render = True
<bpy_collection[7], CyclesPreferences.devices>
Device enabled (CUDA) = True
Device enabled (CUDA) = True
Device enabled (CUDA) = True
Device enabled (CPU) = False
Device enabled (OPTIX) = False
Device enabled (OPTIX) = False
Device enabled (OPTIX) = False
14:19:55 | INFO: Data are loaded, start creating Blender stuff
14:19:55 | INFO: Blender create Mesh node pPlane15_Foliage_mat03_0
14:19:55 | INFO: glTF import finished in 0.00s
Blender 4.3.2 (hash 32f5fdce0a0a built 2024-12-17 01:31:14)
Fra:1 Mem:11.14M (Peak 11.14M) | Time:00:00.44 | Mem:0.00M, Peak:0.00M | Scene, ViewLayer | Synchronizing object | pPlane15_Foliage_mat03_0
Fra:1 Mem:13.18M (Peak 13.18M) | Time:00:00.44 | Mem:0.00M, Peak:0.00M | Scene, ViewLayer | Initializing
Fra:1 Mem:13.17M (Peak 13.18M) | Time:00:00.44 | Mem:0.00M, Peak:0.00M | Scene, ViewLayer | Updating Images | Loading Image_0
Fra:1 Mem:16.97M (Peak 25.18M) | Time:00:00.47 | Mem:4.00M, Peak:4.00M | Scene, ViewLayer | Waiting for render to start
Fra:1 Mem:16.97M (Peak 25.18M) | Time:00:00.47 | Mem:4.00M, Peak:4.00M | Scene, ViewLayer | Loading render kernels (may take a few minutes the first time)
Fra:1 Mem:16.97M (Peak 45.67M) | Time:00:00.61 | Mem:4.00M, Peak:4.00M | Scene, ViewLayer | Updating Scene
Fra:1 Mem:16.97M (Peak 45.67M) | Time:00:00.61 | Mem:4.00M, Peak:4.00M | Scene, ViewLayer | Updating Shaders
Fra:1 Mem:17.05M (Peak 45.67M) | Time:00:00.62 | Mem:4.00M, Peak:4.00M | Scene, ViewLayer | Updating Procedurals
Fra:1 Mem:17.05M (Peak 45.67M) | Time:00:00.62 | Mem:4.00M, Peak:4.00M | Scene, ViewLayer | Updating Background
Fra:1 Mem:17.05M (Peak 45.67M) | Time:00:00.62 | Mem:4.00M, Peak:4.00M | Scene, ViewLayer | Updating Camera
Fra:1 Mem:17.05M (Peak 45.67M) | Time:00:00.62 | Mem:4.00M, Peak:4.00M | Scene, ViewLayer | Updating Meshes Flags
Fra:1 Mem:17.05M (Peak 45.67M) | Time:00:00.62 | Mem:4.00M, Peak:4.00M | Scene, ViewLayer | Updating Objects
Fra:1 Mem:17.05M (Peak 45.67M) | Time:00:00.62 | Mem:4.00M, Peak:4.00M | Scene, ViewLayer | Updating Objects | Copying Transformations to device
Fra:1 Mem:17.05M (Peak 45.67M) | Time:00:00.62 | Mem:4.00M, Peak:4.00M | Scene, ViewLayer | Updating Objects | Applying Static Transformations
Fra:1 Mem:17.05M (Peak 45.67M) | Time:00:00.62 | Mem:4.00M, Peak:4.00M | Scene, ViewLayer | Updating Particle Systems
Fra:1 Mem:17.05M (Peak 45.67M) | Time:00:00.62 | Mem:4.00M, Peak:4.00M | Scene, ViewLayer | Updating Particle Systems | Copying Particles to device
Fra:1 Mem:17.05M (Peak 45.67M) | Time:00:00.62 | Mem:4.00M, Peak:4.00M | Scene, ViewLayer | Updating Meshes
Fra:1 Mem:17.05M (Peak 45.67M) | Time:00:00.62 | Mem:4.00M, Peak:4.00M | Scene, ViewLayer | Updating Mesh | Computing attributes
Fra:1 Mem:17.06M (Peak 45.67M) | Time:00:00.62 | Mem:4.00M, Peak:4.00M | Scene, ViewLayer | Updating Mesh | Copying Attributes to device
Fra:1 Mem:17.06M (Peak 45.67M) | Time:00:00.62 | Mem:4.01M, Peak:4.01M | Scene, ViewLayer | Updating Scene BVH | Building
Fra:1 Mem:17.06M (Peak 45.67M) | Time:00:00.62 | Mem:4.01M, Peak:4.01M | Scene, ViewLayer | Updating Scene BVH | Building BVH
Fra:1 Mem:17.07M (Peak 45.67M) | Time:00:00.62 | Mem:4.01M, Peak:4.01M | Scene, ViewLayer | Updating Scene BVH | Packing BVH triangles and strands
Fra:1 Mem:17.07M (Peak 45.67M) | Time:00:00.62 | Mem:4.01M, Peak:4.01M | Scene, ViewLayer | Updating Scene BVH | Packing BVH nodes
Fra:1 Mem:17.07M (Peak 45.67M) | Time:00:00.62 | Mem:4.01M, Peak:4.01M | Scene, ViewLayer | Updating Scene BVH | Copying BVH to device
Fra:1 Mem:17.07M (Peak 45.67M) | Time:00:00.62 | Mem:4.02M, Peak:4.02M | Scene, ViewLayer | Updating Mesh | Computing normals
Fra:1 Mem:17.09M (Peak 45.67M) | Time:00:00.62 | Mem:4.02M, Peak:4.02M | Scene, ViewLayer | Updating Mesh | Copying Mesh to device
Fra:1 Mem:17.09M (Peak 45.67M) | Time:00:00.62 | Mem:4.03M, Peak:4.03M | Scene, ViewLayer | Updating Objects Flags
Fra:1 Mem:17.09M (Peak 45.67M) | Time:00:00.62 | Mem:4.03M, Peak:4.03M | Scene, ViewLayer | Updating Primitive Offsets
Fra:1 Mem:17.09M (Peak 45.67M) | Time:00:00.62 | Mem:4.03M, Peak:4.03M | Scene, ViewLayer | Updating Images
Fra:1 Mem:17.09M (Peak 45.67M) | Time:00:00.62 | Mem:4.03M, Peak:4.03M | Scene, ViewLayer | Updating Camera Volume
Fra:1 Mem:17.09M (Peak 45.67M) | Time:00:00.62 | Mem:4.03M, Peak:4.03M | Scene, ViewLayer | Updating Lookup Tables
Fra:1 Mem:17.09M (Peak 45.67M) | Time:00:00.62 | Mem:4.12M, Peak:4.12M | Scene, ViewLayer | Updating Lights
Fra:1 Mem:17.09M (Peak 45.67M) | Time:00:00.62 | Mem:4.12M, Peak:4.12M | Scene, ViewLayer | Updating Lights | Computing tree
Fra:1 Mem:17.09M (Peak 45.67M) | Time:00:00.62 | Mem:4.12M, Peak:4.12M | Scene, ViewLayer | Updating Integrator
Fra:1 Mem:17.09M (Peak 45.67M) | Time:00:00.62 | Mem:4.12M, Peak:4.12M | Scene, ViewLayer | Updating Film
Fra:1 Mem:17.10M (Peak 45.67M) | Time:00:00.62 | Mem:4.04M, Peak:4.12M | Scene, ViewLayer | Updating Lookup Tables
Fra:1 Mem:17.10M (Peak 45.67M) | Time:00:00.62 | Mem:4.12M, Peak:4.12M | Scene, ViewLayer | Updating Baking
Fra:1 Mem:17.10M (Peak 45.67M) | Time:00:00.62 | Mem:4.12M, Peak:4.12M | Scene, ViewLayer | Updating Device | Writing constant memory
Fra:1 Mem:17.10M (Peak 45.67M) | Time:00:00.62 | Mem:4.12M, Peak:4.12M | Scene, ViewLayer | Loading denoising kernels (may take a few minutes the first time)
Fra:1 Mem:37.73M (Peak 45.67M) | Time:00:00.65 | Mem:4.12M, Peak:4.12M | Scene, ViewLayer | Sample 0/32
Fra:1 Mem:49.33M (Peak 49.33M) | Time:00:00.65 | Remaining:00:00.10 | Mem:4.12M, Peak:4.12M | Scene, ViewLayer | Sample 1/32
Fra:1 Mem:65.83M (Peak 73.16M) | Time:00:00.95 | Mem:15.72M, Peak:15.72M | Scene, ViewLayer | Sample 32/32
Fra:1 Mem:65.83M (Peak 73.16M) | Time:00:00.95 | Mem:15.72M, Peak:15.72M | Scene, ViewLayer | Finished
Saved: '/home/vlongle/code/diffPhys3d/render_output/tree/000-060/000.png'
Time: 00:01.34 (Saving: 00:00.01)

5
<Vector (11.9284, 5.0129, 63.3072)> <Vector (148.4618, 144.8323, 126.8812)>
<bpy_struct, Object("pPlane15") at 0x7fb9a8ccdf08>
<bpy_struct, Object("RootNode") at 0x7fb9a8ccda08>
<bpy_struct, Object("bd140d394456420782a5d7d533797dc4.fbx") at 0x7fb9a8ccd508>
<bpy_struct, Object("Sketchfab_model") at 0x7fb9a8ccd008>
Info: Saved "scene.blend"

Blender quit
